<?xml version="1.0" encoding="UTF-8"?>
<!-- Generated by org.testng.reporters.JUnitXMLReporter -->
<testsuite ignored="0" hostname="DESKTOP-6D90C8O" failures="0" tests="3" name="Default test" time="6.462" errors="0" timestamp="2025-05-15T13:17:25 GST">
  <testcase classname="mypackage.mytestcases" name="updatecustomername" time="0.038"/>
  <testcase classname="mypackage.mytestcases" name="deletecustomer" time="0.007"/>
  <testcase classname="mypackage.mytestcases" name="readdata" time="0.669"/>
</testsuite> <!-- Default test -->
